[debug] [2017-10-20T18:06:46.154Z] ----------------------------------------------------------------------
[debug] [2017-10-20T18:06:46.162Z] Command:       c:\Program Files\nodejs\node.exe c:\Users\Dell\AppData\Roaming\npm\node_modules\firebase-tools\bin\firebase deploy
[debug] [2017-10-20T18:06:46.163Z] CLI Version:   3.13.1
[debug] [2017-10-20T18:06:46.163Z] Platform:      win32
[debug] [2017-10-20T18:06:46.163Z] Node Version:  v8.7.0
[debug] [2017-10-20T18:06:46.165Z] Time:          Fri Oct 20 2017 23:36:46 GMT+0530 (India Standard Time)
[debug] [2017-10-20T18:06:46.165Z] ----------------------------------------------------------------------
[debug] 
[debug] [2017-10-20T18:06:46.279Z] > command requires scopes: ["email","openid","https://www.googleapis.com/auth/cloudplatformprojects.readonly","https://www.googleapis.com/auth/firebase","https://www.googleapis.com/auth/cloud-platform"]
[debug] [2017-10-20T18:06:46.281Z] > authorizing via signed-in user
[debug] [2017-10-20T18:06:46.287Z] > refreshing access token with scopes: ["email","https://www.googleapis.com/auth/cloud-platform","https://www.googleapis.com/auth/cloudplatformprojects.readonly","https://www.googleapis.com/auth/firebase","openid"]
[debug] [2017-10-20T18:06:46.289Z] >>> HTTP REQUEST POST https://www.googleapis.com/oauth2/v3/token { refresh_token: '1/Smy4Wf2SLlKx6BZvk2v9l2Cy8OI_buHJvObhbNMvA88',
  client_id: '563584335869-fgrhgmd47bqnekij5i8b5pr03ho849e6.apps.googleusercontent.com',
  client_secret: 'j9iVZfS8kkCEFUPaAeJV0sAi',
  grant_type: 'refresh_token',
  scope: 'email https://www.googleapis.com/auth/cloud-platform https://www.googleapis.com/auth/cloudplatformprojects.readonly https://www.googleapis.com/auth/firebase openid' } 
 Fri Oct 20 2017 23:36:46 GMT+0530 (India Standard Time)
[debug] [2017-10-20T18:06:47.062Z] <<< HTTP RESPONSE 200
[debug] [2017-10-20T18:06:47.157Z] >>> HTTP REQUEST GET https://admin.firebase.com/v1/projects/webstart-39d09  
 Fri Oct 20 2017 23:36:47 GMT+0530 (India Standard Time)
[debug] [2017-10-20T18:06:50.935Z] <<< HTTP RESPONSE 200
[debug] [2017-10-20T18:06:50.937Z] >>> HTTP REQUEST GET https://admin.firebase.com/v1/database/webstart-39d09/tokens  
 Fri Oct 20 2017 23:36:50 GMT+0530 (India Standard Time)
[debug] [2017-10-20T18:06:52.778Z] <<< HTTP RESPONSE 200
[info] 1
[info] 
[info] === Deploying to 'webstart-39d09'...
[info] 
[info] i  deploying hosting
[info] i  hosting: preparing public directory for upload...
[debug] [2017-10-20T18:07:02.836Z] >>> HTTP REQUEST PUT https://deploy.firebase.com/v1/hosting/webstart-39d09/uploads/-KwuxrW6uZblixXHLaqv?fileCount=413&message=  
 Fri Oct 20 2017 23:37:02 GMT+0530 (India Standard Time)
